<?xml version="1.0" encoding="utf-8"?>
<CoverageSession xmlns:xsd="http://www.w3.org/2001/XMLSchema" xmlns:xsi="http://www.w3.org/2001/XMLSchema-instance">
  <Summary numSequencePoints="57" visitedSequencePoints="30" numBranchPoints="28" visitedBranchPoints="18" sequenceCoverage="52.63" branchCoverage="64.29" maxCyclomaticComplexity="4" minCyclomaticComplexity="1" visitedClasses="3" numClasses="10" visitedMethods="14" numMethods="24" />
  <Modules>
    <Module skippedDueTo="Filter" hash="13-A3-71-58-6D-E9-B7-47-80-AB-76-BE-25-FA-4C-95-7E-2D-B6-EA">
      <ModulePath>C:\Windows\Microsoft.Net\assembly\GAC_64\mscorlib\v4.0_4.0.0.0__b77a5c561934e089\mscorlib.dll</ModulePath>
      <ModuleTime>2017-10-12T03:14:02.0772744Z</ModuleTime>
      <ModuleName>mscorlib</ModuleName>
      <Classes />
    </Module>
    <Module skippedDueTo="Filter" hash="35-A2-7C-CA-BF-AC-A8-6A-4C-BE-58-4E-60-57-E3-64-44-AD-E2-16">
      <ModulePath>C:\Git\Linker\tools\xunit.runner.console\tools\net452\xunit.console.exe</ModulePath>
      <ModuleTime>2017-10-27T04:34:48Z</ModuleTime>
      <ModuleName>xunit.console</ModuleName>
      <Classes />
    </Module>
    <Module skippedDueTo="Filter" hash="C3-D8-3E-87-AB-33-CA-6F-66-61-A7-D7-50-2C-CF-D9-C0-D1-9D-8D">
      <ModulePath>C:\Git\Linker\tools\xunit.runner.console\tools\net452\xunit.runner.utility.net452.dll</ModulePath>
      <ModuleTime>2017-10-27T04:34:48Z</ModuleTime>
      <ModuleName>xunit.runner.utility.net452</ModuleName>
      <Classes />
    </Module>
    <Module skippedDueTo="Filter" hash="90-BC-BE-B1-F2-84-BE-8F-78-5C-FB-A6-E3-66-B7-C7-F8-58-AF-D1">
      <ModulePath>C:\Git\Linker\tools\xunit.runner.console\tools\net452\xunit.abstractions.dll</ModulePath>
      <ModuleTime>2017-10-27T04:34:48Z</ModuleTime>
      <ModuleName>xunit.abstractions</ModuleName>
      <Classes />
    </Module>
    <Module skippedDueTo="Filter" hash="44-31-A6-EA-E5-AC-20-AB-29-FA-FB-F0-98-90-32-58-AB-0B-83-7D">
      <ModulePath>C:\Windows\Microsoft.Net\assembly\GAC_MSIL\System.Core\v4.0_4.0.0.0__b77a5c561934e089\System.Core.dll</ModulePath>
      <ModuleTime>2017-10-08T23:30:01.0317631Z</ModuleTime>
      <ModuleName>System.Core</ModuleName>
      <Classes />
    </Module>
    <Module skippedDueTo="Filter" hash="AF-CB-39-96-5C-64-99-49-A5-B6-10-16-01-7E-5D-4D-D6-EC-C7-32">
      <ModulePath>C:\Git\Linker\tools\xunit.runner.console\tools\net452\xunit.runner.reporters.net452.dll</ModulePath>
      <ModuleTime>2017-10-27T04:34:48Z</ModuleTime>
      <ModuleName>xunit.runner.reporters.net452</ModuleName>
      <Classes />
    </Module>
    <Module skippedDueTo="Filter" hash="D2-00-F6-02-9D-C0-06-2A-DE-49-9D-0C-E8-70-45-45-A3-33-E8-B5">
      <ModulePath>C:\Windows\Microsoft.Net\assembly\GAC_MSIL\System.Net.Http\v4.0_4.0.0.0__b03f5f7f11d50a3a\System.Net.Http.dll</ModulePath>
      <ModuleTime>2017-04-21T21:53:36Z</ModuleTime>
      <ModuleName>System.Net.Http</ModuleName>
      <Classes />
    </Module>
    <Module skippedDueTo="Filter" hash="C8-98-52-CA-D9-96-CD-B5-71-37-87-EA-05-74-30-8B-36-C3-4A-5C">
      <ModulePath>C:\Windows\Microsoft.Net\assembly\GAC_MSIL\System\v4.0_4.0.0.0__b77a5c561934e089\System.dll</ModulePath>
      <ModuleTime>2017-09-06T03:34:39.2874196Z</ModuleTime>
      <ModuleName>System</ModuleName>
      <Classes />
    </Module>
    <Module skippedDueTo="Filter" hash="E5-0A-CF-A2-72-02-5D-C6-32-16-97-AD-D6-95-7E-E2-55-33-F4-9A">
      <ModulePath>C:\Windows\Microsoft.Net\assembly\GAC_64\System.Web\v4.0_4.0.0.0__b03f5f7f11d50a3a\System.Web.dll</ModulePath>
      <ModuleTime>2017-09-07T02:23:49.4818574Z</ModuleTime>
      <ModuleName>System.Web</ModuleName>
      <Classes />
    </Module>
    <Module skippedDueTo="Filter" hash="FB-D4-0E-90-EA-AB-B0-1B-C4-12-8E-0A-26-C7-FA-75-AA-39-11-98">
      <ModulePath>C:\Windows\Microsoft.Net\assembly\GAC_MSIL\System.Configuration\v4.0_4.0.0.0__b03f5f7f11d50a3a\System.Configuration.dll</ModulePath>
      <ModuleTime>2017-04-21T21:53:36Z</ModuleTime>
      <ModuleName>System.Configuration</ModuleName>
      <Classes />
    </Module>
    <Module skippedDueTo="Filter" hash="21-E4-90-B5-42-20-26-BA-49-19-94-C3-CA-93-44-7B-60-08-D7-1C">
      <ModulePath>C:\Windows\Microsoft.Net\assembly\GAC_MSIL\System.Xml\v4.0_4.0.0.0__b77a5c561934e089\System.Xml.dll</ModulePath>
      <ModuleTime>2017-07-12T02:45:46.9518528Z</ModuleTime>
      <ModuleName>System.Xml</ModuleName>
      <Classes />
    </Module>
    <Module skippedDueTo="Filter" hash="B2-31-39-27-96-0D-DA-C8-84-F0-DF-5B-04-82-6D-8E-48-52-05-EA">
      <ModulePath>C:\Windows\Microsoft.Net\assembly\GAC_MSIL\System.Xml.Linq\v4.0_4.0.0.0__b77a5c561934e089\System.Xml.Linq.dll</ModulePath>
      <ModuleTime>2017-04-21T21:53:36Z</ModuleTime>
      <ModuleName>System.Xml.Linq</ModuleName>
      <Classes />
    </Module>
    <Module skippedDueTo="Filter" hash="C3-D8-3E-87-AB-33-CA-6F-66-61-A7-D7-50-2C-CF-D9-C0-D1-9D-8D">
      <ModulePath>C:\Users\rjj\AppData\Local\Temp\ed3461de-bf39-481a-9186-9b7cf9ad1f2b\ed3461de-bf39-481a-9186-9b7cf9ad1f2b\assembly\dl3\8b8eb262\0024d1eb_dc4ed301\xunit.runner.utility.net452.dll</ModulePath>
      <ModuleTime>2017-12-22T11:13:33.2502266Z</ModuleTime>
      <ModuleName>xunit.runner.utility.net452</ModuleName>
      <Classes />
    </Module>
    <Module skippedDueTo="Filter" hash="44-31-A6-EA-E5-AC-20-AB-29-FA-FB-F0-98-90-32-58-AB-0B-83-7D">
      <ModulePath>C:\Windows\Microsoft.Net\assembly\GAC_MSIL\System.Core\v4.0_4.0.0.0__b77a5c561934e089\System.Core.dll</ModulePath>
      <ModuleTime>2017-10-08T23:30:01.0317631Z</ModuleTime>
      <ModuleName>System.Core</ModuleName>
      <Classes />
    </Module>
    <Module skippedDueTo="Filter" hash="C8-98-52-CA-D9-96-CD-B5-71-37-87-EA-05-74-30-8B-36-C3-4A-5C">
      <ModulePath>C:\Windows\Microsoft.Net\assembly\GAC_MSIL\System\v4.0_4.0.0.0__b77a5c561934e089\System.dll</ModulePath>
      <ModuleTime>2017-09-06T03:34:39.2874196Z</ModuleTime>
      <ModuleName>System</ModuleName>
      <Classes />
    </Module>
    <Module skippedDueTo="Filter" hash="">
      <ModulePath>RefEmit_InMemoryManifestModule</ModulePath>
      <ModuleTime>0001-01-01T00:00:00</ModuleTime>
      <ModuleName>Anonymously Hosted DynamicMethods Assembly</ModuleName>
      <Classes />
    </Module>
    <Module skippedDueTo="Filter" hash="D5-0F-10-7A-F8-05-88-A5-54-BE-3A-4B-2F-5A-49-19-33-CF-33-12">
      <ModulePath>C:\Git\Linker\src\Tests\bin\Release\Linker.Tests.dll</ModulePath>
      <ModuleTime>2017-12-21T17:00:07.7718428Z</ModuleTime>
      <ModuleName>Linker.Tests</ModuleName>
      <Classes />
    </Module>
    <Module skippedDueTo="Filter" hash="C3-D8-3E-87-AB-33-CA-6F-66-61-A7-D7-50-2C-CF-D9-C0-D1-9D-8D">
      <ModulePath>C:\Git\Linker\tools\xunit.runner.console\tools\net452\xunit.runner.utility.net452.dll</ModulePath>
      <ModuleTime>2017-10-27T04:34:48Z</ModuleTime>
      <ModuleName>xunit.runner.utility.net452</ModuleName>
      <Classes />
    </Module>
    <Module skippedDueTo="Filter" hash="61-48-84-C2-D1-D5-99-D6-62-AF-99-DC-EE-36-8C-D2-C9-20-16-EB">
      <ModulePath>C:\Git\Linker\src\Tests\bin\Release\xunit.execution.desktop.dll</ModulePath>
      <ModuleTime>2017-10-27T04:34:44Z</ModuleTime>
      <ModuleName>xunit.execution.desktop</ModuleName>
      <Classes />
    </Module>
    <Module skippedDueTo="Filter" hash="9E-A9-5D-7F-86-82-4D-02-7D-07-AD-C0-17-06-5D-73-8F-1F-28-44">
      <ModulePath>C:\Git\Linker\src\Tests\bin\Release\xunit.abstractions.dll</ModulePath>
      <ModuleTime>2016-08-09T07:37:58Z</ModuleTime>
      <ModuleName>xunit.abstractions</ModuleName>
      <Classes />
    </Module>
    <Module skippedDueTo="Filter" hash="C8-98-52-CA-D9-96-CD-B5-71-37-87-EA-05-74-30-8B-36-C3-4A-5C">
      <ModulePath>C:\Windows\Microsoft.Net\assembly\GAC_MSIL\System\v4.0_4.0.0.0__b77a5c561934e089\System.dll</ModulePath>
      <ModuleTime>2017-09-06T03:34:39.2874196Z</ModuleTime>
      <ModuleName>System</ModuleName>
      <Classes />
    </Module>
    <Module skippedDueTo="Filter" hash="D5-0F-10-7A-F8-05-88-A5-54-BE-3A-4B-2F-5A-49-19-33-CF-33-12">
      <ModulePath>C:\Git\Linker\src\Tests\bin\Release\Linker.Tests.dll</ModulePath>
      <ModuleTime>2017-12-21T17:00:07.7718428Z</ModuleTime>
      <ModuleName>Linker.Tests</ModuleName>
      <Classes />
    </Module>
    <Module skippedDueTo="Filter" hash="35-A2-7C-CA-BF-AC-A8-6A-4C-BE-58-4E-60-57-E3-64-44-AD-E2-16">
      <ModulePath>C:\Git\Linker\tools\xunit.runner.console\tools\net452\xunit.console.exe</ModulePath>
      <ModuleTime>2017-10-27T04:34:48Z</ModuleTime>
      <ModuleName>xunit.console</ModuleName>
      <Classes />
    </Module>
    <Module skippedDueTo="Filter" hash="44-31-A6-EA-E5-AC-20-AB-29-FA-FB-F0-98-90-32-58-AB-0B-83-7D">
      <ModulePath>C:\Windows\Microsoft.Net\assembly\GAC_MSIL\System.Core\v4.0_4.0.0.0__b77a5c561934e089\System.Core.dll</ModulePath>
      <ModuleTime>2017-10-08T23:30:01.0317631Z</ModuleTime>
      <ModuleName>System.Core</ModuleName>
      <Classes />
    </Module>
    <Module skippedDueTo="Filter" hash="A9-2D-37-71-85-86-25-78-29-7F-26-79-55-A6-E5-61-80-28-93-5F">
      <ModulePath>C:\Git\Linker\src\Tests\bin\Release\xunit.core.dll</ModulePath>
      <ModuleTime>2017-10-27T04:34:40Z</ModuleTime>
      <ModuleName>xunit.core</ModuleName>
      <Classes />
    </Module>
    <Module skippedDueTo="Filter" hash="29-15-AF-ED-B6-E4-11-16-A5-1C-BF-5D-4E-34-05-F0-6B-D2-31-95">
      <ModulePath>C:\Windows\Microsoft.Net\assembly\GAC_MSIL\System.Runtime\v4.0_4.0.0.0__b03f5f7f11d50a3a\System.Runtime.dll</ModulePath>
      <ModuleTime>2017-04-21T21:53:36Z</ModuleTime>
      <ModuleName>System.Runtime</ModuleName>
      <Classes />
    </Module>
    <Module skippedDueTo="Filter" hash="F3-00-DD-25-5D-B7-13-7E-7B-6F-2A-A1-66-89-AB-85-0D-7D-B9-1F">
      <ModulePath>C:\Windows\Microsoft.Net\assembly\GAC_MSIL\System.Threading.Tasks\v4.0_4.0.0.0__b03f5f7f11d50a3a\System.Threading.Tasks.dll</ModulePath>
      <ModuleTime>2017-04-21T21:53:36Z</ModuleTime>
      <ModuleName>System.Threading.Tasks</ModuleName>
      <Classes />
    </Module>
    <Module skippedDueTo="Filter" hash="03-AF-14-CF-BF-05-A9-F9-6F-59-01-73-62-5F-D3-D9-2D-AC-07-DC">
      <ModulePath>C:\Windows\Microsoft.Net\assembly\GAC_MSIL\System.Collections\v4.0_4.0.0.0__b03f5f7f11d50a3a\System.Collections.dll</ModulePath>
      <ModuleTime>2017-04-21T21:53:36Z</ModuleTime>
      <ModuleName>System.Collections</ModuleName>
      <Classes />
    </Module>
    <Module hash="52-46-04-F2-52-A7-2E-B5-47-67-5C-2A-51-D1-91-71-8C-2A-92-A0">
      <Summary numSequencePoints="14" visitedSequencePoints="14" numBranchPoints="8" visitedBranchPoints="8" sequenceCoverage="100" branchCoverage="100" maxCyclomaticComplexity="2" minCyclomaticComplexity="1" visitedClasses="2" numClasses="2" visitedMethods="8" numMethods="8" />
      <ModulePath>C:\Git\Linker\src\Tests\bin\Release\Linker.Model.dll</ModulePath>
      <ModuleTime>2017-12-21T17:00:06.2402241Z</ModuleTime>
      <ModuleName>Linker.Model</ModuleName>
      <Files>
        <File uid="1" fullPath="C:\Git\Linker\src\Model\Link.cs" />
        <File uid="2" fullPath="C:\Git\Linker\src\Model\StoreLinksInMemory.cs" />
      </Files>
      <Classes>
        <Class>
          <Summary numSequencePoints="0" visitedSequencePoints="0" numBranchPoints="0" visitedBranchPoints="0" sequenceCoverage="0" branchCoverage="0" maxCyclomaticComplexity="0" minCyclomaticComplexity="0" visitedClasses="0" numClasses="0" visitedMethods="0" numMethods="0" />
          <FullName>&lt;Module&gt;</FullName>
          <Methods />
        </Class>
        <Class>
          <Summary numSequencePoints="7" visitedSequencePoints="7" numBranchPoints="4" visitedBranchPoints="4" sequenceCoverage="100" branchCoverage="100" maxCyclomaticComplexity="1" minCyclomaticComplexity="1" visitedClasses="1" numClasses="1" visitedMethods="4" numMethods="4" />
          <FullName>Linker.Model.Link</FullName>
          <Methods>
            <Method visited="true" cyclomaticComplexity="1" nPathComplexity="0" sequenceCoverage="100" branchCoverage="100" isConstructor="false" isStatic="false" isGetter="true" isSetter="false">
              <Summary numSequencePoints="1" visitedSequencePoints="1" numBranchPoints="1" visitedBranchPoints="1" sequenceCoverage="100" branchCoverage="100" maxCyclomaticComplexity="1" minCyclomaticComplexity="1" visitedClasses="0" numClasses="0" visitedMethods="1" numMethods="1" />
              <MetadataToken>100663301</MetadataToken>
              <Name>System.Object Linker.Model.Link::get_Id()</Name>
              <FileRef uid="1" />
              <SequencePoints>
                <SequencePoint vc="2" uspid="1" ordinal="0" offset="0" sl="18" sc="28" el="18" ec="32" bec="0" bev="0" fileid="1" />
              </SequencePoints>
              <BranchPoints />
              <MethodPoint xsi:type="SequencePoint" vc="2" uspid="1" ordinal="0" offset="0" sl="18" sc="28" el="18" ec="32" bec="0" bev="0" fileid="1" />
            </Method>
            <Method visited="true" cyclomaticComplexity="1" nPathComplexity="0" sequenceCoverage="100" branchCoverage="100" isConstructor="false" isStatic="false" isGetter="true" isSetter="false">
              <Summary numSequencePoints="1" visitedSequencePoints="1" numBranchPoints="1" visitedBranchPoints="1" sequenceCoverage="100" branchCoverage="100" maxCyclomaticComplexity="1" minCyclomaticComplexity="1" visitedClasses="0" numClasses="0" visitedMethods="1" numMethods="1" />
              <MetadataToken>100663302</MetadataToken>
              <Name>System.Uri Linker.Model.Link::get_Href()</Name>
              <FileRef uid="1" />
              <SequencePoints>
                <SequencePoint vc="6" uspid="2" ordinal="0" offset="0" sl="20" sc="27" el="20" ec="31" bec="0" bev="0" fileid="1" />
              </SequencePoints>
              <BranchPoints />
              <MethodPoint xsi:type="SequencePoint" vc="6" uspid="2" ordinal="0" offset="0" sl="20" sc="27" el="20" ec="31" bec="0" bev="0" fileid="1" />
            </Method>
            <Method visited="true" cyclomaticComplexity="1" nPathComplexity="0" sequenceCoverage="100" branchCoverage="100" isConstructor="true" isStatic="false" isGetter="false" isSetter="false">
              <Summary numSequencePoints="2" visitedSequencePoints="2" numBranchPoints="1" visitedBranchPoints="1" sequenceCoverage="100" branchCoverage="100" maxCyclomaticComplexity="1" minCyclomaticComplexity="1" visitedClasses="0" numClasses="0" visitedMethods="1" numMethods="1" />
              <MetadataToken>100663299</MetadataToken>
              <Name>System.Void Linker.Model.Link::.ctor(System.Object,System.String)</Name>
              <FileRef uid="1" />
              <SequencePoints>
                <SequencePoint vc="5" uspid="3" ordinal="0" offset="0" sl="8" sc="15" el="8" ec="38" bec="0" bev="0" fileid="1" />
                <SequencePoint vc="5" uspid="4" ordinal="1" offset="13" sl="10" sc="9" el="10" ec="10" bec="0" bev="0" fileid="1" />
              </SequencePoints>
              <BranchPoints />
              <MethodPoint xsi:type="SequencePoint" vc="5" uspid="3" ordinal="0" offset="0" sl="8" sc="15" el="8" ec="38" bec="0" bev="0" fileid="1" />
            </Method>
            <Method visited="true" cyclomaticComplexity="1" nPathComplexity="0" sequenceCoverage="100" branchCoverage="100" isConstructor="true" isStatic="false" isGetter="false" isSetter="false">
              <Summary numSequencePoints="3" visitedSequencePoints="3" numBranchPoints="1" visitedBranchPoints="1" sequenceCoverage="100" branchCoverage="100" maxCyclomaticComplexity="1" minCyclomaticComplexity="1" visitedClasses="0" numClasses="0" visitedMethods="1" numMethods="1" />
              <MetadataToken>100663300</MetadataToken>
              <Name>System.Void Linker.Model.Link::.ctor(System.Object,System.Uri)</Name>
              <FileRef uid="1" />
              <SequencePoints>
                <SequencePoint vc="10" uspid="5" ordinal="0" offset="0" sl="14" sc="13" el="14" ec="21" bec="0" bev="0" fileid="1" />
                <SequencePoint vc="10" uspid="6" ordinal="1" offset="7" sl="15" sc="13" el="15" ec="25" bec="0" bev="0" fileid="1" />
                <SequencePoint vc="10" uspid="7" ordinal="2" offset="14" sl="16" sc="9" el="16" ec="10" bec="0" bev="0" fileid="1" />
              </SequencePoints>
              <BranchPoints />
              <MethodPoint xsi:type="SequencePoint" vc="10" uspid="5" ordinal="0" offset="0" sl="14" sc="13" el="14" ec="21" bec="0" bev="0" fileid="1" />
            </Method>
          </Methods>
        </Class>
        <Class>
          <Summary numSequencePoints="7" visitedSequencePoints="7" numBranchPoints="4" visitedBranchPoints="4" sequenceCoverage="100" branchCoverage="100" maxCyclomaticComplexity="2" minCyclomaticComplexity="1" visitedClasses="1" numClasses="1" visitedMethods="4" numMethods="4" />
          <FullName>Linker.Model.StoreLinksInMemory</FullName>
          <Methods>
            <Method visited="true" cyclomaticComplexity="1" nPathComplexity="0" sequenceCoverage="100" branchCoverage="100" isConstructor="true" isStatic="false" isGetter="false" isSetter="false">
              <Summary numSequencePoints="3" visitedSequencePoints="3" numBranchPoints="1" visitedBranchPoints="1" sequenceCoverage="100" branchCoverage="100" maxCyclomaticComplexity="1" minCyclomaticComplexity="1" visitedClasses="0" numClasses="0" visitedMethods="1" numMethods="1" />
              <MetadataToken>100663303</MetadataToken>
              <Name>System.Void Linker.Model.StoreLinksInMemory::.ctor()</Name>
              <FileRef uid="2" />
              <SequencePoints>
                <SequencePoint vc="6" uspid="8" ordinal="0" offset="0" sl="11" sc="9" el="11" ec="36" bec="0" bev="0" fileid="2" />
                <SequencePoint vc="6" uspid="9" ordinal="1" offset="6" sl="13" sc="13" el="16" ec="15" bec="0" bev="0" fileid="2" />
                <SequencePoint vc="6" uspid="10" ordinal="2" offset="40" sl="17" sc="9" el="17" ec="10" bec="0" bev="0" fileid="2" />
              </SequencePoints>
              <BranchPoints />
              <MethodPoint xsi:type="SequencePoint" vc="6" uspid="8" ordinal="0" offset="0" sl="11" sc="9" el="11" ec="36" bec="0" bev="0" fileid="2" />
            </Method>
            <Method visited="true" cyclomaticComplexity="1" nPathComplexity="0" sequenceCoverage="100" branchCoverage="100" isConstructor="false" isStatic="false" isGetter="false" isSetter="false">
              <Summary numSequencePoints="2" visitedSequencePoints="2" numBranchPoints="1" visitedBranchPoints="1" sequenceCoverage="100" branchCoverage="100" maxCyclomaticComplexity="1" minCyclomaticComplexity="1" visitedClasses="0" numClasses="0" visitedMethods="1" numMethods="1" />
              <MetadataToken>100663304</MetadataToken>
              <Name>System.Void Linker.Model.StoreLinksInMemory::WithIdAndUrl(System.String,System.Uri)</Name>
              <FileRef uid="2" />
              <SequencePoints>
                <SequencePoint vc="4" uspid="11" ordinal="0" offset="0" sl="21" sc="13" el="21" ec="30" bec="0" bev="0" fileid="2" />
                <SequencePoint vc="4" uspid="12" ordinal="1" offset="13" sl="22" sc="9" el="22" ec="10" bec="0" bev="0" fileid="2" />
              </SequencePoints>
              <BranchPoints />
              <MethodPoint xsi:type="SequencePoint" vc="4" uspid="11" ordinal="0" offset="0" sl="21" sc="13" el="21" ec="30" bec="0" bev="0" fileid="2" />
            </Method>
            <Method visited="true" cyclomaticComplexity="2" nPathComplexity="0" sequenceCoverage="100" branchCoverage="100" isConstructor="false" isStatic="false" isGetter="false" isSetter="false">
              <Summary numSequencePoints="1" visitedSequencePoints="1" numBranchPoints="1" visitedBranchPoints="1" sequenceCoverage="100" branchCoverage="100" maxCyclomaticComplexity="2" minCyclomaticComplexity="2" visitedClasses="0" numClasses="0" visitedMethods="1" numMethods="1" />
              <MetadataToken>100663305</MetadataToken>
              <Name>System.Nullable`1&lt;Linker.Model.Link&gt; Linker.Model.StoreLinksInMemory::WithId(System.Object)</Name>
              <FileRef uid="2" />
              <SequencePoints>
                <SequencePoint vc="6" uspid="13" ordinal="0" offset="0" sl="26" sc="13" el="28" ec="24" bec="0" bev="0" fileid="2" />
              </SequencePoints>
              <BranchPoints />
              <MethodPoint xsi:type="SequencePoint" vc="6" uspid="13" ordinal="0" offset="0" sl="26" sc="13" el="28" ec="24" bec="0" bev="0" fileid="2" />
            </Method>
            <Method visited="true" cyclomaticComplexity="1" nPathComplexity="0" sequenceCoverage="100" branchCoverage="100" isConstructor="false" isStatic="false" isGetter="false" isSetter="false">
              <Summary numSequencePoints="1" visitedSequencePoints="1" numBranchPoints="1" visitedBranchPoints="1" sequenceCoverage="100" branchCoverage="100" maxCyclomaticComplexity="1" minCyclomaticComplexity="1" visitedClasses="0" numClasses="0" visitedMethods="1" numMethods="1" />
              <MetadataToken>100663306</MetadataToken>
              <Name>System.Nullable`1&lt;Linker.Model.Link&gt; Linker.Model.StoreLinksInMemory::Link(System.Object)</Name>
              <FileRef uid="2" />
              <SequencePoints>
                <SequencePoint vc="5" uspid="16" ordinal="0" offset="0" sl="33" sc="13" el="33" ec="45" bec="0" bev="0" fileid="2" />
              </SequencePoints>
              <BranchPoints />
              <MethodPoint xsi:type="SequencePoint" vc="5" uspid="16" ordinal="0" offset="0" sl="33" sc="13" el="33" ec="45" bec="0" bev="0" fileid="2" />
            </Method>
          </Methods>
        </Class>
      </Classes>
    </Module>
    <Module skippedDueTo="Filter" hash="EA-32-1D-21-23-A2-7A-BC-77-95-03-D6-A7-CD-96-61-C7-2B-4C-AE">
      <ModulePath>C:\Git\Linker\src\Tests\bin\Release\NSubstitute.dll</ModulePath>
      <ModuleTime>2017-10-27T20:03:00Z</ModuleTime>
      <ModuleName>NSubstitute</ModuleName>
      <Classes />
    </Module>
    <Module skippedDueTo="Filter" hash="EC-77-40-66-0D-21-57-B9-9B-2A-BF-90-5C-71-A5-2A-F8-0A-59-8E">
      <ModulePath>C:\Git\Linker\src\Tests\bin\Release\FluentAssertions.dll</ModulePath>
      <ModuleTime>2017-08-24T19:09:18Z</ModuleTime>
      <ModuleName>FluentAssertions</ModuleName>
      <Classes />
    </Module>
    <Module hash="D6-DA-9A-53-D7-67-8F-61-2C-EC-43-6B-5A-B2-8A-2B-70-EF-50-E1">
      <Summary numSequencePoints="43" visitedSequencePoints="16" numBranchPoints="20" visitedBranchPoints="10" sequenceCoverage="37.21" branchCoverage="50" maxCyclomaticComplexity="4" minCyclomaticComplexity="1" visitedClasses="1" numClasses="8" visitedMethods="6" numMethods="16" />
      <ModulePath>C:\Git\Linker\src\Tests\bin\Release\Linker.Web.dll</ModulePath>
      <ModuleTime>2017-12-21T17:00:06.7135719Z</ModuleTime>
      <ModuleName>Linker.Web</ModuleName>
      <Files>
        <File uid="5" fullPath="C:\Git\Linker\src\Web\Startup.cs" />
        <File uid="6" fullPath="C:\Git\Linker\src\Web\Dependencies\StorageModule.cs" />
        <File uid="7" fullPath="C:\Git\Linker\src\Web\Dependencies\WebApiModule.cs" />
        <File uid="8" fullPath="C:\Git\Linker\src\Web\Controllers\LinkController.cs" />
        <File uid="9" fullPath="C:\Git\Linker\src\Web\Configuration\DependencyConfiguration.cs" />
        <File uid="10" fullPath="C:\Git\Linker\src\Web\Configuration\ResponseConfiguration.cs" />
        <File uid="11" fullPath="C:\Git\Linker\src\Web\Configuration\RouteConfiguration.cs" />
        <File uid="12" fullPath="C:\Git\Linker\src\Web\Configuration\WebApiConfiguration.cs" />
      </Files>
      <Classes>
        <Class>
          <Summary numSequencePoints="0" visitedSequencePoints="0" numBranchPoints="0" visitedBranchPoints="0" sequenceCoverage="0" branchCoverage="0" maxCyclomaticComplexity="0" minCyclomaticComplexity="0" visitedClasses="0" numClasses="0" visitedMethods="0" numMethods="0" />
          <FullName>&lt;Module&gt;</FullName>
          <Methods />
        </Class>
        <Class>
          <Summary numSequencePoints="0" visitedSequencePoints="0" numBranchPoints="0" visitedBranchPoints="0" sequenceCoverage="0" branchCoverage="0" maxCyclomaticComplexity="4" minCyclomaticComplexity="1" visitedClasses="0" numClasses="0" visitedMethods="0" numMethods="0" />
          <FullName>&lt;&gt;f__AnonymousType0`1</FullName>
          <Methods>
            <Method visited="true" cyclomaticComplexity="1" nPathComplexity="0" sequenceCoverage="0" branchCoverage="0" isConstructor="false" isStatic="false" isGetter="true" isSetter="false">
              <Summary numSequencePoints="0" visitedSequencePoints="0" numBranchPoints="0" visitedBranchPoints="0" sequenceCoverage="0" branchCoverage="0" maxCyclomaticComplexity="1" minCyclomaticComplexity="1" visitedClasses="0" numClasses="0" visitedMethods="0" numMethods="0" />
              <MetadataToken>100663297</MetadataToken>
              <Name>&lt;id&gt;j__TPar &lt;&gt;f__AnonymousType0`1::get_id()</Name>
              <SequencePoints />
              <BranchPoints />
              <MethodPoint vc="12" uspid="17" ordinal="0" offset="0" />
            </Method>
            <Method visited="true" cyclomaticComplexity="1" nPathComplexity="0" sequenceCoverage="0" branchCoverage="0" isConstructor="true" isStatic="false" isGetter="false" isSetter="false">
              <Summary numSequencePoints="0" visitedSequencePoints="0" numBranchPoints="0" visitedBranchPoints="0" sequenceCoverage="0" branchCoverage="0" maxCyclomaticComplexity="1" minCyclomaticComplexity="1" visitedClasses="0" numClasses="0" visitedMethods="0" numMethods="0" />
              <MetadataToken>100663298</MetadataToken>
              <Name>System.Void &lt;&gt;f__AnonymousType0`1::.ctor(&lt;id&gt;j__TPar)</Name>
              <SequencePoints />
              <BranchPoints />
              <MethodPoint vc="12" uspid="18" ordinal="0" offset="0" />
            </Method>
            <Method visited="false" cyclomaticComplexity="2" nPathComplexity="0" sequenceCoverage="0" branchCoverage="0" isConstructor="false" isStatic="false" isGetter="false" isSetter="false">
              <Summary numSequencePoints="0" visitedSequencePoints="0" numBranchPoints="0" visitedBranchPoints="0" sequenceCoverage="0" branchCoverage="0" maxCyclomaticComplexity="2" minCyclomaticComplexity="2" visitedClasses="0" numClasses="0" visitedMethods="0" numMethods="0" />
              <MetadataToken>100663299</MetadataToken>
              <Name>System.Boolean &lt;&gt;f__AnonymousType0`1::Equals(System.Object)</Name>
              <SequencePoints />
              <BranchPoints />
              <MethodPoint vc="0" uspid="19" ordinal="0" offset="0" />
            </Method>
            <Method visited="false" cyclomaticComplexity="1" nPathComplexity="0" sequenceCoverage="0" branchCoverage="0" isConstructor="false" isStatic="false" isGetter="false" isSetter="false">
              <Summary numSequencePoints="0" visitedSequencePoints="0" numBranchPoints="0" visitedBranchPoints="0" sequenceCoverage="0" branchCoverage="0" maxCyclomaticComplexity="1" minCyclomaticComplexity="1" visitedClasses="0" numClasses="0" visitedMethods="0" numMethods="0" />
              <MetadataToken>100663300</MetadataToken>
              <Name>System.Int32 &lt;&gt;f__AnonymousType0`1::GetHashCode()</Name>
              <SequencePoints />
              <BranchPoints />
              <MethodPoint vc="0" uspid="20" ordinal="0" offset="0" />
            </Method>
            <Method visited="false" cyclomaticComplexity="4" nPathComplexity="0" sequenceCoverage="0" branchCoverage="0" isConstructor="false" isStatic="false" isGetter="false" isSetter="false">
              <Summary numSequencePoints="0" visitedSequencePoints="0" numBranchPoints="0" visitedBranchPoints="0" sequenceCoverage="0" branchCoverage="0" maxCyclomaticComplexity="4" minCyclomaticComplexity="4" visitedClasses="0" numClasses="0" visitedMethods="0" numMethods="0" />
              <MetadataToken>100663301</MetadataToken>
              <Name>System.String &lt;&gt;f__AnonymousType0`1::ToString()</Name>
              <SequencePoints />
              <BranchPoints />
              <MethodPoint vc="0" uspid="21" ordinal="0" offset="0" />
            </Method>
          </Methods>
        </Class>
        <Class>
          <Summary numSequencePoints="2" visitedSequencePoints="0" numBranchPoints="1" visitedBranchPoints="0" sequenceCoverage="0" branchCoverage="0" maxCyclomaticComplexity="1" minCyclomaticComplexity="1" visitedClasses="0" numClasses="1" visitedMethods="0" numMethods="1" />
          <FullName>Linker.Web.Startup</FullName>
          <Methods>
            <Method visited="false" cyclomaticComplexity="1" nPathComplexity="0" sequenceCoverage="0" branchCoverage="0" isConstructor="false" isStatic="false" isGetter="false" isSetter="false">
              <Summary numSequencePoints="2" visitedSequencePoints="0" numBranchPoints="1" visitedBranchPoints="0" sequenceCoverage="0" branchCoverage="0" maxCyclomaticComplexity="1" minCyclomaticComplexity="1" visitedClasses="0" numClasses="0" visitedMethods="0" numMethods="1" />
              <MetadataToken>100663302</MetadataToken>
              <Name>System.Void Linker.Web.Startup::Configuration(Owin.IAppBuilder)</Name>
              <FileRef uid="5" />
              <SequencePoints>
                <SequencePoint vc="0" uspid="22" ordinal="0" offset="0" sl="10" sc="13" el="10" ec="35" bec="0" bev="0" fileid="5" />
                <SequencePoint vc="0" uspid="23" ordinal="1" offset="6" sl="11" sc="9" el="11" ec="10" bec="0" bev="0" fileid="5" />
              </SequencePoints>
              <BranchPoints />
              <MethodPoint xsi:type="SequencePoint" vc="0" uspid="22" ordinal="0" offset="0" sl="10" sc="13" el="10" ec="35" bec="0" bev="0" fileid="5" />
            </Method>
            <Method visited="false" cyclomaticComplexity="1" nPathComplexity="0" sequenceCoverage="0" branchCoverage="0" isConstructor="true" isStatic="false" isGetter="false" isSetter="false">
              <Summary numSequencePoints="0" visitedSequencePoints="0" numBranchPoints="0" visitedBranchPoints="0" sequenceCoverage="0" branchCoverage="0" maxCyclomaticComplexity="1" minCyclomaticComplexity="1" visitedClasses="0" numClasses="0" visitedMethods="0" numMethods="0" />
              <MetadataToken>100663303</MetadataToken>
              <Name>System.Void Linker.Web.Startup::.ctor()</Name>
              <SequencePoints />
              <BranchPoints />
              <MethodPoint vc="0" uspid="24" ordinal="0" offset="0" />
            </Method>
          </Methods>
        </Class>
        <Class>
          <Summary numSequencePoints="4" visitedSequencePoints="0" numBranchPoints="2" visitedBranchPoints="0" sequenceCoverage="0" branchCoverage="0" maxCyclomaticComplexity="1" minCyclomaticComplexity="1" visitedClasses="0" numClasses="1" visitedMethods="0" numMethods="2" />
          <FullName>Linker.Web.Dependencies.StorageModule</FullName>
          <Methods>
            <Method visited="false" cyclomaticComplexity="1" nPathComplexity="0" sequenceCoverage="0" branchCoverage="0" isConstructor="false" isStatic="false" isGetter="false" isSetter="false">
              <Summary numSequencePoints="2" visitedSequencePoints="0" numBranchPoints="1" visitedBranchPoints="0" sequenceCoverage="0" branchCoverage="0" maxCyclomaticComplexity="1" minCyclomaticComplexity="1" visitedClasses="0" numClasses="0" visitedMethods="0" numMethods="1" />
              <MetadataToken>100663304</MetadataToken>
              <Name>System.Void Linker.Web.Dependencies.StorageModule::Load(Autofac.ContainerBuilder)</Name>
              <FileRef uid="6" />
              <SequencePoints>
                <SequencePoint vc="0" uspid="25" ordinal="0" offset="0" sl="11" sc="13" el="11" ec="48" bec="0" bev="0" fileid="6" />
                <SequencePoint vc="0" uspid="26" ordinal="1" offset="6" sl="12" sc="9" el="12" ec="10" bec="0" bev="0" fileid="6" />
              </SequencePoints>
              <BranchPoints />
              <MethodPoint xsi:type="SequencePoint" vc="0" uspid="25" ordinal="0" offset="0" sl="11" sc="13" el="11" ec="48" bec="0" bev="0" fileid="6" />
            </Method>
            <Method visited="false" cyclomaticComplexity="1" nPathComplexity="0" sequenceCoverage="0" branchCoverage="0" isConstructor="false" isStatic="true" isGetter="false" isSetter="false">
              <Summary numSequencePoints="2" visitedSequencePoints="0" numBranchPoints="1" visitedBranchPoints="0" sequenceCoverage="0" branchCoverage="0" maxCyclomaticComplexity="1" minCyclomaticComplexity="1" visitedClasses="0" numClasses="0" visitedMethods="0" numMethods="1" />
              <MetadataToken>100663305</MetadataToken>
              <Name>System.Void Linker.Web.Dependencies.StorageModule::RegisterInMemoryLinkStore(Autofac.ContainerBuilder)</Name>
              <FileRef uid="6" />
              <SequencePoints>
                <SequencePoint vc="0" uspid="27" ordinal="0" offset="0" sl="16" sc="13" el="19" ec="35" bec="0" bev="0" fileid="6" />
                <SequencePoint vc="0" uspid="28" ordinal="1" offset="17" sl="20" sc="9" el="20" ec="10" bec="0" bev="0" fileid="6" />
              </SequencePoints>
              <BranchPoints />
              <MethodPoint xsi:type="SequencePoint" vc="0" uspid="27" ordinal="0" offset="0" sl="16" sc="13" el="19" ec="35" bec="0" bev="0" fileid="6" />
            </Method>
            <Method visited="false" cyclomaticComplexity="1" nPathComplexity="0" sequenceCoverage="0" branchCoverage="0" isConstructor="true" isStatic="false" isGetter="false" isSetter="false">
              <Summary numSequencePoints="0" visitedSequencePoints="0" numBranchPoints="0" visitedBranchPoints="0" sequenceCoverage="0" branchCoverage="0" maxCyclomaticComplexity="1" minCyclomaticComplexity="1" visitedClasses="0" numClasses="0" visitedMethods="0" numMethods="0" />
              <MetadataToken>100663306</MetadataToken>
              <Name>System.Void Linker.Web.Dependencies.StorageModule::.ctor()</Name>
              <SequencePoints />
              <BranchPoints />
              <MethodPoint vc="0" uspid="29" ordinal="0" offset="0" />
            </Method>
          </Methods>
        </Class>
        <Class>
          <Summary numSequencePoints="4" visitedSequencePoints="0" numBranchPoints="2" visitedBranchPoints="0" sequenceCoverage="0" branchCoverage="0" maxCyclomaticComplexity="1" minCyclomaticComplexity="1" visitedClasses="0" numClasses="1" visitedMethods="0" numMethods="2" />
          <FullName>Linker.Web.Dependencies.WebApiModule</FullName>
          <Methods>
            <Method visited="false" cyclomaticComplexity="1" nPathComplexity="0" sequenceCoverage="0" branchCoverage="0" isConstructor="false" isStatic="false" isGetter="false" isSetter="false">
              <Summary numSequencePoints="2" visitedSequencePoints="0" numBranchPoints="1" visitedBranchPoints="0" sequenceCoverage="0" branchCoverage="0" maxCyclomaticComplexity="1" minCyclomaticComplexity="1" visitedClasses="0" numClasses="0" visitedMethods="0" numMethods="1" />
              <MetadataToken>100663307</MetadataToken>
              <Name>System.Void Linker.Web.Dependencies.WebApiModule::Load(Autofac.ContainerBuilder)</Name>
              <FileRef uid="7" />
              <SequencePoints>
                <SequencePoint vc="0" uspid="30" ordinal="0" offset="0" sl="12" sc="13" el="12" ec="42" bec="0" bev="0" fileid="7" />
                <SequencePoint vc="0" uspid="31" ordinal="1" offset="6" sl="13" sc="9" el="13" ec="10" bec="0" bev="0" fileid="7" />
              </SequencePoints>
              <BranchPoints />
              <MethodPoint xsi:type="SequencePoint" vc="0" uspid="30" ordinal="0" offset="0" sl="12" sc="13" el="12" ec="42" bec="0" bev="0" fileid="7" />
            </Method>
            <Method visited="false" cyclomaticComplexity="1" nPathComplexity="0" sequenceCoverage="0" branchCoverage="0" isConstructor="false" isStatic="true" isGetter="false" isSetter="false">
              <Summary numSequencePoints="2" visitedSequencePoints="0" numBranchPoints="1" visitedBranchPoints="0" sequenceCoverage="0" branchCoverage="0" maxCyclomaticComplexity="1" minCyclomaticComplexity="1" visitedClasses="0" numClasses="0" visitedMethods="0" numMethods="1" />
              <MetadataToken>100663308</MetadataToken>
              <Name>System.Void Linker.Web.Dependencies.WebApiModule::RegisterControllers(Autofac.ContainerBuilder)</Name>
              <FileRef uid="7" />
              <SequencePoints>
                <SequencePoint vc="0" uspid="32" ordinal="0" offset="0" sl="17" sc="13" el="17" ec="77" bec="0" bev="0" fileid="7" />
                <SequencePoint vc="0" uspid="33" ordinal="1" offset="21" sl="18" sc="9" el="18" ec="10" bec="0" bev="0" fileid="7" />
              </SequencePoints>
              <BranchPoints />
              <MethodPoint xsi:type="SequencePoint" vc="0" uspid="32" ordinal="0" offset="0" sl="17" sc="13" el="17" ec="77" bec="0" bev="0" fileid="7" />
            </Method>
            <Method visited="false" cyclomaticComplexity="1" nPathComplexity="0" sequenceCoverage="0" branchCoverage="0" isConstructor="true" isStatic="false" isGetter="false" isSetter="false">
              <Summary numSequencePoints="0" visitedSequencePoints="0" numBranchPoints="0" visitedBranchPoints="0" sequenceCoverage="0" branchCoverage="0" maxCyclomaticComplexity="1" minCyclomaticComplexity="1" visitedClasses="0" numClasses="0" visitedMethods="0" numMethods="0" />
              <MetadataToken>100663309</MetadataToken>
              <Name>System.Void Linker.Web.Dependencies.WebApiModule::.ctor()</Name>
              <SequencePoints />
              <BranchPoints />
              <MethodPoint vc="0" uspid="34" ordinal="0" offset="0" />
            </Method>
          </Methods>
        </Class>
        <Class>
          <Summary numSequencePoints="16" visitedSequencePoints="16" numBranchPoints="10" visitedBranchPoints="10" sequenceCoverage="100" branchCoverage="100" maxCyclomaticComplexity="2" minCyclomaticComplexity="1" visitedClasses="1" numClasses="1" visitedMethods="6" numMethods="6" />
          <FullName>Linker.Web.Controllers.LinkController</FullName>
          <Methods>
            <Method visited="true" cyclomaticComplexity="1" nPathComplexity="0" sequenceCoverage="100" branchCoverage="100" isConstructor="true" isStatic="false" isGetter="false" isSetter="false">
              <Summary numSequencePoints="4" visitedSequencePoints="4" numBranchPoints="1" visitedBranchPoints="1" sequenceCoverage="100" branchCoverage="100" maxCyclomaticComplexity="1" minCyclomaticComplexity="1" visitedClasses="0" numClasses="0" visitedMethods="1" numMethods="1" />
              <MetadataToken>100663310</MetadataToken>
              <Name>System.Void Linker.Web.Controllers.LinkController::.ctor(Linker.Model.IRetrieveLinks,Linker.Model.ISaveLinks)</Name>
              <FileRef uid="8" />
              <SequencePoints>
                <SequencePoint vc="18" uspid="35" ordinal="0" offset="0" sl="13" sc="9" el="15" ec="33" bec="0" bev="0" fileid="8" />
                <SequencePoint vc="18" uspid="36" ordinal="1" offset="6" sl="17" sc="13" el="17" ec="32" bec="0" bev="0" fileid="8" />
                <SequencePoint vc="18" uspid="37" ordinal="2" offset="13" sl="18" sc="13" el="18" ec="34" bec="0" bev="0" fileid="8" />
                <SequencePoint vc="18" uspid="38" ordinal="3" offset="20" sl="19" sc="9" el="19" ec="10" bec="0" bev="0" fileid="8" />
              </SequencePoints>
              <BranchPoints />
              <MethodPoint xsi:type="SequencePoint" vc="18" uspid="35" ordinal="0" offset="0" sl="13" sc="9" el="15" ec="33" bec="0" bev="0" fileid="8" />
            </Method>
            <Method visited="true" cyclomaticComplexity="2" nPathComplexity="2" sequenceCoverage="100" branchCoverage="100" isConstructor="false" isStatic="false" isGetter="false" isSetter="false">
              <Summary numSequencePoints="4" visitedSequencePoints="4" numBranchPoints="3" visitedBranchPoints="3" sequenceCoverage="100" branchCoverage="100" maxCyclomaticComplexity="2" minCyclomaticComplexity="2" visitedClasses="0" numClasses="0" visitedMethods="1" numMethods="1" />
              <MetadataToken>100663311</MetadataToken>
              <Name>System.Web.Http.IHttpActionResult Linker.Web.Controllers.LinkController::Follow(System.String)</Name>
              <FileRef uid="8" />
              <SequencePoints>
                <SequencePoint vc="3" uspid="39" ordinal="0" offset="0" sl="24" sc="13" el="24" ec="44" bec="0" bev="0" fileid="8" />
                <SequencePoint vc="3" uspid="40" ordinal="1" offset="13" sl="26" sc="13" el="26" ec="31" bec="2" bev="2" fileid="8" />
                <SequencePoint vc="2" uspid="41" ordinal="2" offset="22" sl="28" sc="17" el="28" ec="62" bec="0" bev="0" fileid="8" />
                <SequencePoint vc="1" uspid="42" ordinal="3" offset="49" sl="31" sc="13" el="31" ec="31" bec="0" bev="0" fileid="8" />
              </SequencePoints>
              <BranchPoints>
                <BranchPoint vc="2" uspid="43" ordinal="0" offset="20" sl="26" path="0" offsetend="22" fileid="8" />
                <BranchPoint vc="1" uspid="44" ordinal="1" offset="20" sl="26" path="1" offsetend="49" fileid="8" />
              </BranchPoints>
              <MethodPoint xsi:type="SequencePoint" vc="3" uspid="39" ordinal="0" offset="0" sl="24" sc="13" el="24" ec="44" bec="0" bev="0" fileid="8" />
            </Method>
            <Method visited="true" cyclomaticComplexity="2" nPathComplexity="2" sequenceCoverage="100" branchCoverage="100" isConstructor="false" isStatic="false" isGetter="false" isSetter="false">
              <Summary numSequencePoints="4" visitedSequencePoints="4" numBranchPoints="3" visitedBranchPoints="3" sequenceCoverage="100" branchCoverage="100" maxCyclomaticComplexity="2" minCyclomaticComplexity="2" visitedClasses="0" numClasses="0" visitedMethods="1" numMethods="1" />
              <MetadataToken>100663312</MetadataToken>
              <Name>System.Web.Http.IHttpActionResult Linker.Web.Controllers.LinkController::Metadata(System.String)</Name>
              <FileRef uid="8" />
              <SequencePoints>
                <SequencePoint vc="4" uspid="45" ordinal="0" offset="0" sl="37" sc="13" el="37" ec="44" bec="0" bev="0" fileid="8" />
                <SequencePoint vc="4" uspid="46" ordinal="1" offset="13" sl="39" sc="13" el="39" ec="31" bec="2" bev="2" fileid="8" />
                <SequencePoint vc="3" uspid="47" ordinal="2" offset="22" sl="41" sc="17" el="41" ec="39" bec="0" bev="0" fileid="8" />
                <SequencePoint vc="1" uspid="48" ordinal="3" offset="36" sl="44" sc="13" el="44" ec="31" bec="0" bev="0" fileid="8" />
              </SequencePoints>
              <BranchPoints>
                <BranchPoint vc="3" uspid="49" ordinal="0" offset="20" sl="39" path="0" offsetend="22" fileid="8" />
                <BranchPoint vc="1" uspid="50" ordinal="1" offset="20" sl="39" path="1" offsetend="36" fileid="8" />
              </BranchPoints>
              <MethodPoint xsi:type="SequencePoint" vc="4" uspid="45" ordinal="0" offset="0" sl="37" sc="13" el="37" ec="44" bec="0" bev="0" fileid="8" />
            </Method>
            <Method visited="true" cyclomaticComplexity="1" nPathComplexity="0" sequenceCoverage="100" branchCoverage="100" isConstructor="false" isStatic="false" isGetter="false" isSetter="false">
              <Summary numSequencePoints="1" visitedSequencePoints="1" numBranchPoints="1" visitedBranchPoints="1" sequenceCoverage="100" branchCoverage="100" maxCyclomaticComplexity="1" minCyclomaticComplexity="1" visitedClasses="0" numClasses="0" visitedMethods="1" numMethods="1" />
              <MetadataToken>100663313</MetadataToken>
              <Name>System.Web.Http.IHttpActionResult Linker.Web.Controllers.LinkController::Create(System.String)</Name>
              <FileRef uid="8" />
              <SequencePoints>
                <SequencePoint vc="7" uspid="51" ordinal="0" offset="0" sl="50" sc="13" el="50" ec="44" bec="0" bev="0" fileid="8" />
              </SequencePoints>
              <BranchPoints />
              <MethodPoint xsi:type="SequencePoint" vc="7" uspid="51" ordinal="0" offset="0" sl="50" sc="13" el="50" ec="44" bec="0" bev="0" fileid="8" />
            </Method>
            <Method visited="true" cyclomaticComplexity="1" nPathComplexity="0" sequenceCoverage="100" branchCoverage="100" isConstructor="false" isStatic="false" isGetter="false" isSetter="false">
              <Summary numSequencePoints="2" visitedSequencePoints="2" numBranchPoints="1" visitedBranchPoints="1" sequenceCoverage="100" branchCoverage="100" maxCyclomaticComplexity="1" minCyclomaticComplexity="1" visitedClasses="0" numClasses="0" visitedMethods="1" numMethods="1" />
              <MetadataToken>100663314</MetadataToken>
              <Name>System.Web.Http.IHttpActionResult Linker.Web.Controllers.LinkController::Create(System.String,System.String)</Name>
              <FileRef uid="8" />
              <SequencePoints>
                <SequencePoint vc="12" uspid="52" ordinal="0" offset="0" sl="61" sc="13" el="61" ec="54" bec="0" bev="0" fileid="8" />
                <SequencePoint vc="12" uspid="53" ordinal="1" offset="18" sl="63" sc="13" el="63" ec="62" bec="0" bev="0" fileid="8" />
              </SequencePoints>
              <BranchPoints />
              <MethodPoint xsi:type="SequencePoint" vc="12" uspid="52" ordinal="0" offset="0" sl="61" sc="13" el="61" ec="54" bec="0" bev="0" fileid="8" />
            </Method>
            <Method visited="true" cyclomaticComplexity="1" nPathComplexity="0" sequenceCoverage="100" branchCoverage="100" isConstructor="false" isStatic="true" isGetter="false" isSetter="false">
              <Summary numSequencePoints="1" visitedSequencePoints="1" numBranchPoints="1" visitedBranchPoints="1" sequenceCoverage="100" branchCoverage="100" maxCyclomaticComplexity="1" minCyclomaticComplexity="1" visitedClasses="0" numClasses="0" visitedMethods="1" numMethods="1" />
              <MetadataToken>100663315</MetadataToken>
              <Name>System.String Linker.Web.Controllers.LinkController::&lt;Create&gt;g__UniqueId|5_0()</Name>
              <FileRef uid="8" />
              <SequencePoints>
                <SequencePoint vc="7" uspid="54" ordinal="0" offset="0" sl="54" sc="17" el="54" ec="83" bec="0" bev="0" fileid="8" />
              </SequencePoints>
              <BranchPoints />
              <MethodPoint xsi:type="SequencePoint" vc="7" uspid="54" ordinal="0" offset="0" sl="54" sc="17" el="54" ec="83" bec="0" bev="0" fileid="8" />
            </Method>
          </Methods>
        </Class>
        <Class>
          <Summary numSequencePoints="6" visitedSequencePoints="0" numBranchPoints="2" visitedBranchPoints="0" sequenceCoverage="0" branchCoverage="0" maxCyclomaticComplexity="1" minCyclomaticComplexity="1" visitedClasses="0" numClasses="1" visitedMethods="0" numMethods="2" />
          <FullName>Linker.Web.Configuration.DependencyConfiguration</FullName>
          <Methods>
            <Method visited="false" cyclomaticComplexity="1" nPathComplexity="0" sequenceCoverage="0" branchCoverage="0" isConstructor="false" isStatic="true" isGetter="false" isSetter="false">
              <Summary numSequencePoints="2" visitedSequencePoints="0" numBranchPoints="1" visitedBranchPoints="0" sequenceCoverage="0" branchCoverage="0" maxCyclomaticComplexity="1" minCyclomaticComplexity="1" visitedClasses="0" numClasses="0" visitedMethods="0" numMethods="1" />
              <MetadataToken>100663316</MetadataToken>
              <Name>System.Void Linker.Web.Configuration.DependencyConfiguration::ConfigureDependencyResolution(System.Web.Http.HttpConfiguration)</Name>
              <FileRef uid="9" />
              <SequencePoints>
                <SequencePoint vc="0" uspid="55" ordinal="0" offset="0" sl="13" sc="13" el="14" ec="71" bec="0" bev="0" fileid="9" />
                <SequencePoint vc="0" uspid="56" ordinal="1" offset="16" sl="15" sc="9" el="15" ec="10" bec="0" bev="0" fileid="9" />
              </SequencePoints>
              <BranchPoints />
              <MethodPoint xsi:type="SequencePoint" vc="0" uspid="55" ordinal="0" offset="0" sl="13" sc="13" el="14" ec="71" bec="0" bev="0" fileid="9" />
            </Method>
            <Method visited="false" cyclomaticComplexity="1" nPathComplexity="0" sequenceCoverage="0" branchCoverage="0" isConstructor="false" isStatic="true" isGetter="false" isSetter="false">
              <Summary numSequencePoints="4" visitedSequencePoints="0" numBranchPoints="1" visitedBranchPoints="0" sequenceCoverage="0" branchCoverage="0" maxCyclomaticComplexity="1" minCyclomaticComplexity="1" visitedClasses="0" numClasses="0" visitedMethods="0" numMethods="1" />
              <MetadataToken>100663317</MetadataToken>
              <Name>Autofac.IContainer Linker.Web.Configuration.DependencyConfiguration::BuildContainer()</Name>
              <FileRef uid="9" />
              <SequencePoints>
                <SequencePoint vc="0" uspid="57" ordinal="0" offset="0" sl="19" sc="13" el="19" ec="50" bec="0" bev="0" fileid="9" />
                <SequencePoint vc="0" uspid="58" ordinal="1" offset="5" sl="20" sc="13" el="20" ec="53" bec="0" bev="0" fileid="9" />
                <SequencePoint vc="0" uspid="59" ordinal="2" offset="12" sl="21" sc="13" el="21" ec="52" bec="0" bev="0" fileid="9" />
                <SequencePoint vc="0" uspid="60" ordinal="3" offset="19" sl="23" sc="13" el="23" ec="36" bec="0" bev="0" fileid="9" />
              </SequencePoints>
              <BranchPoints />
              <MethodPoint xsi:type="SequencePoint" vc="0" uspid="57" ordinal="0" offset="0" sl="19" sc="13" el="19" ec="50" bec="0" bev="0" fileid="9" />
            </Method>
          </Methods>
        </Class>
        <Class>
          <Summary numSequencePoints="2" visitedSequencePoints="0" numBranchPoints="1" visitedBranchPoints="0" sequenceCoverage="0" branchCoverage="0" maxCyclomaticComplexity="1" minCyclomaticComplexity="1" visitedClasses="0" numClasses="1" visitedMethods="0" numMethods="1" />
          <FullName>Linker.Web.Configuration.ResponseConfiguration</FullName>
          <Methods>
            <Method visited="false" cyclomaticComplexity="1" nPathComplexity="0" sequenceCoverage="0" branchCoverage="0" isConstructor="false" isStatic="true" isGetter="false" isSetter="false">
              <Summary numSequencePoints="2" visitedSequencePoints="0" numBranchPoints="1" visitedBranchPoints="0" sequenceCoverage="0" branchCoverage="0" maxCyclomaticComplexity="1" minCyclomaticComplexity="1" visitedClasses="0" numClasses="0" visitedMethods="0" numMethods="1" />
              <MetadataToken>100663318</MetadataToken>
              <Name>System.Void Linker.Web.Configuration.ResponseConfiguration::EnableJsonResponsesInTheBrowser(System.Web.Http.HttpConfiguration)</Name>
              <FileRef uid="10" />
              <SequencePoints>
                <SequencePoint vc="0" uspid="61" ordinal="0" offset="0" sl="11" sc="13" el="15" ec="61" bec="0" bev="0" fileid="10" />
                <SequencePoint vc="0" uspid="62" ordinal="1" offset="31" sl="16" sc="9" el="16" ec="10" bec="0" bev="0" fileid="10" />
              </SequencePoints>
              <BranchPoints />
              <MethodPoint xsi:type="SequencePoint" vc="0" uspid="61" ordinal="0" offset="0" sl="11" sc="13" el="15" ec="61" bec="0" bev="0" fileid="10" />
            </Method>
          </Methods>
        </Class>
        <Class>
          <Summary numSequencePoints="2" visitedSequencePoints="0" numBranchPoints="1" visitedBranchPoints="0" sequenceCoverage="0" branchCoverage="0" maxCyclomaticComplexity="1" minCyclomaticComplexity="1" visitedClasses="0" numClasses="1" visitedMethods="0" numMethods="1" />
          <FullName>Linker.Web.Configuration.RouteConfiguration</FullName>
          <Methods>
            <Method visited="false" cyclomaticComplexity="1" nPathComplexity="0" sequenceCoverage="0" branchCoverage="0" isConstructor="false" isStatic="true" isGetter="false" isSetter="false">
              <Summary numSequencePoints="2" visitedSequencePoints="0" numBranchPoints="1" visitedBranchPoints="0" sequenceCoverage="0" branchCoverage="0" maxCyclomaticComplexity="1" minCyclomaticComplexity="1" visitedClasses="0" numClasses="0" visitedMethods="0" numMethods="1" />
              <MetadataToken>100663319</MetadataToken>
              <Name>System.Void Linker.Web.Configuration.RouteConfiguration::AddDefaultRouteConvention(System.Web.Http.HttpConfiguration)</Name>
              <FileRef uid="11" />
              <SequencePoints>
                <SequencePoint vc="0" uspid="63" ordinal="0" offset="0" sl="10" sc="13" el="15" ec="69" bec="0" bev="0" fileid="11" />
                <SequencePoint vc="0" uspid="64" ordinal="1" offset="32" sl="16" sc="9" el="16" ec="10" bec="0" bev="0" fileid="11" />
              </SequencePoints>
              <BranchPoints />
              <MethodPoint xsi:type="SequencePoint" vc="0" uspid="63" ordinal="0" offset="0" sl="10" sc="13" el="15" ec="69" bec="0" bev="0" fileid="11" />
            </Method>
          </Methods>
        </Class>
        <Class>
          <Summary numSequencePoints="7" visitedSequencePoints="0" numBranchPoints="1" visitedBranchPoints="0" sequenceCoverage="0" branchCoverage="0" maxCyclomaticComplexity="1" minCyclomaticComplexity="1" visitedClasses="0" numClasses="1" visitedMethods="0" numMethods="1" />
          <FullName>Linker.Web.Configuration.WebApiConfiguration</FullName>
          <Methods>
            <Method visited="false" cyclomaticComplexity="1" nPathComplexity="0" sequenceCoverage="0" branchCoverage="0" isConstructor="false" isStatic="true" isGetter="false" isSetter="false">
              <Summary numSequencePoints="7" visitedSequencePoints="0" numBranchPoints="1" visitedBranchPoints="0" sequenceCoverage="0" branchCoverage="0" maxCyclomaticComplexity="1" minCyclomaticComplexity="1" visitedClasses="0" numClasses="0" visitedMethods="0" numMethods="1" />
              <MetadataToken>100663320</MetadataToken>
              <Name>System.Void Linker.Web.Configuration.WebApiConfiguration::ConfigureWebApi(Owin.IAppBuilder)</Name>
              <FileRef uid="12" />
              <SequencePoints>
                <SequencePoint vc="0" uspid="65" ordinal="0" offset="0" sl="10" sc="13" el="10" ec="50" bec="0" bev="0" fileid="12" />
                <SequencePoint vc="0" uspid="66" ordinal="1" offset="6" sl="11" sc="13" el="11" ec="45" bec="0" bev="0" fileid="12" />
                <SequencePoint vc="0" uspid="67" ordinal="2" offset="12" sl="12" sc="13" el="12" ec="48" bec="0" bev="0" fileid="12" />
                <SequencePoint vc="0" uspid="68" ordinal="3" offset="18" sl="13" sc="13" el="13" ec="52" bec="0" bev="0" fileid="12" />
                <SequencePoint vc="0" uspid="69" ordinal="4" offset="24" sl="14" sc="13" el="14" ec="54" bec="0" bev="0" fileid="12" />
                <SequencePoint vc="0" uspid="70" ordinal="5" offset="30" sl="16" sc="13" el="16" ec="35" bec="0" bev="0" fileid="12" />
                <SequencePoint vc="0" uspid="71" ordinal="6" offset="38" sl="17" sc="9" el="17" ec="10" bec="0" bev="0" fileid="12" />
              </SequencePoints>
              <BranchPoints />
              <MethodPoint xsi:type="SequencePoint" vc="0" uspid="65" ordinal="0" offset="0" sl="10" sc="13" el="10" ec="50" bec="0" bev="0" fileid="12" />
            </Method>
          </Methods>
        </Class>
      </Classes>
    </Module>
    <Module skippedDueTo="Filter" hash="ED-2F-6E-F4-A7-73-5E-2E-5D-FD-A9-7F-7E-1E-66-94-A4-AA-DF-B5">
      <ModulePath>C:\Git\Linker\src\Tests\bin\Release\FluentAssertions.Core.dll</ModulePath>
      <ModuleTime>2017-08-24T19:09:18Z</ModuleTime>
      <ModuleName>FluentAssertions.Core</ModuleName>
      <Classes />
    </Module>
    <Module skippedDueTo="Filter" hash="ED-3E-73-BA-41-91-0D-32-61-8E-BB-B5-E8-2B-F9-E7-4B-51-B0-62">
      <ModulePath>C:\Git\Linker\src\Tests\bin\Release\System.Web.Http.dll</ModulePath>
      <ModuleTime>2015-01-28T04:02:54Z</ModuleTime>
      <ModuleName>System.Web.Http</ModuleName>
      <Classes />
    </Module>
    <Module skippedDueTo="Filter" hash="56-AB-E3-3E-B0-AA-95-3F-45-FB-44-1F-D0-94-F5-7C-AB-43-67-F0">
      <ModulePath>C:\Git\Linker\src\Tests\bin\Release\Castle.Core.dll</ModulePath>
      <ModuleTime>2017-09-28T00:34:34Z</ModuleTime>
      <ModuleName>Castle.Core</ModuleName>
      <Classes />
    </Module>
    <Module skippedDueTo="Filter" hash="FB-D4-0E-90-EA-AB-B0-1B-C4-12-8E-0A-26-C7-FA-75-AA-39-11-98">
      <ModulePath>C:\Windows\Microsoft.Net\assembly\GAC_MSIL\System.Configuration\v4.0_4.0.0.0__b03f5f7f11d50a3a\System.Configuration.dll</ModulePath>
      <ModuleTime>2017-04-21T21:53:36Z</ModuleTime>
      <ModuleName>System.Configuration</ModuleName>
      <Classes />
    </Module>
    <Module skippedDueTo="Filter" hash="21-E4-90-B5-42-20-26-BA-49-19-94-C3-CA-93-44-7B-60-08-D7-1C">
      <ModulePath>C:\Windows\Microsoft.Net\assembly\GAC_MSIL\System.Xml\v4.0_4.0.0.0__b77a5c561934e089\System.Xml.dll</ModulePath>
      <ModuleTime>2017-07-12T02:45:46.9518528Z</ModuleTime>
      <ModuleName>System.Xml</ModuleName>
      <Classes />
    </Module>
    <Module skippedDueTo="Filter" hash="">
      <ModulePath>RefEmit_InMemoryManifestModule</ModulePath>
      <ModuleTime>0001-01-01T00:00:00</ModuleTime>
      <ModuleName>DynamicProxyGenAssembly2</ModuleName>
      <Classes />
    </Module>
    <Module skippedDueTo="Filter" hash="">
      <ModulePath>RefEmit_InMemoryManifestModule</ModulePath>
      <ModuleTime>0001-01-01T00:00:00</ModuleTime>
      <ModuleName>DynamicProxyGenAssembly2</ModuleName>
      <Classes />
    </Module>
  </Modules>
</CoverageSession>